<?xml version="1.0" encoding="UTF-8"?>
<!-- Generated by org.testng.reporters.JUnitReportReporter -->
<testsuite hostname="ANSHULs-MacBook-Pro.local" failures="0" tests="1" name="testcases.verifysignup" time="24.634" errors="0" timestamp="2023-05-06T23:55:03 IST" skipped="0">
  <testcase classname="testcases.verifysignup" name="signup" time="24.634"/>
  <system-out/>
</testsuite> <!-- testcases.verifysignup -->
